Base path: E:/Unity/2019.1.1f1/Editor/Data
Cmd: initializeCompiler
Cmd: compileComputeKernel
  api=4 insize=14406 outsize=110837 ok=1
Cmd: compileComputeKernel
  api=4 insize=14406 outsize=31625 ok=1
Cmd: compileComputeKernel
  api=4 insize=14406 outsize=47201 ok=1
Cmd: compileComputeKernel
  api=4 insize=14406 outsize=76445 ok=1
Cmd: compileComputeKernel
  api=4 insize=14406 outsize=66797 ok=1
Cmd: compileComputeKernel
  api=4 insize=26648 outsize=16081 ok=1
Cmd: compileComputeKernel
  api=4 insize=5767 outsize=5793 ok=1
Cmd: compileComputeKernel
  api=4 insize=975 outsize=913 ok=1
Cmd: compileComputeKernel
  api=4 insize=9347 outsize=7977 ok=1
Cmd: compileComputeKernel
  api=4 insize=17415 outsize=8681 ok=1
Cmd: compileComputeKernel
  api=4 insize=4918 outsize=2493 ok=1
Cmd: compileComputeKernel
  api=4 insize=10769 outsize=10585 ok=1
Cmd: compileComputeKernel
  api=4 insize=2364 outsize=1025 ok=1
Cmd: compileComputeKernel
  api=4 insize=12262 outsize=9925 ok=1
Cmd: compileComputeKernel
  api=4 insize=10562 outsize=3513 ok=1
Cmd: compileComputeKernel
  api=4 insize=20012 outsize=14613 ok=1
Cmd: compileComputeKernel
  api=4 insize=5851 outsize=9173 ok=1
Cmd: compileComputeKernel
  api=4 insize=3695 outsize=2689 ok=1
Cmd: compileComputeKernel
  api=4 insize=7704 outsize=1781 ok=1
Cmd: compileComputeKernel
  api=4 insize=20668 outsize=95037 ok=1
Cmd: compileComputeKernel
  api=4 insize=34508 outsize=35413 ok=1
Cmd: compileComputeKernel
  api=4 insize=34508 outsize=36169 ok=1
Cmd: compileComputeKernel
  api=4 insize=17193 outsize=7121 ok=1
Cmd: compileComputeKernel
  api=4 insize=5089 outsize=729 ok=1
Cmd: compileComputeKernel
  api=4 insize=5089 outsize=929 ok=1
Cmd: compileComputeKernel
  api=4 insize=14985 outsize=6409 ok=1
Cmd: compileComputeKernel
  api=4 insize=7712 outsize=5509 ok=1
Cmd: compileComputeKernel
  api=4 insize=3918 outsize=2657 ok=1
Cmd: compileComputeKernel
  api=4 insize=2590 outsize=541 ok=1
Cmd: compileSnippet
  api=4 type=1 insize=7237 outsize=142 kw=_NORMALMAP_TANGENT_SPACE _MASKMAP pd=UNITY_ENABLE_REFLECTION_BUFFERS UNITY_USE_DITHER_MASK_FOR_ALPHABLENDED_SHADOWS UNITY_PBS_USE_BRDF1 UNITY_SPECCUBE_BOX_PROJECTION UNITY_SPECCUBE_BLENDING UNITY_ENABLE_DETAIL_NORMALMAP SHADER_API_DESKTOP UNITY_LIGHT_PROBE_PROXY_VOLUME UNITY_LIGHTMAP_FULL_HDR ok=1
