Base path: E:/Unity/2019.1.1f1/Editor/Data
Cmd: initializeCompiler
Cmd: compileComputeKernel
  api=4 insize=14406 outsize=29065 ok=1
Cmd: compileComputeKernel
  api=4 insize=14406 outsize=37521 ok=1
Cmd: compileComputeKernel
  api=4 insize=14406 outsize=44453 ok=1
Cmd: compileComputeKernel
  api=4 insize=14406 outsize=34989 ok=1
Cmd: compileComputeKernel
  api=4 insize=14406 outsize=41937 ok=1
Cmd: compileComputeKernel
  api=4 insize=14406 outsize=43061 ok=1
Cmd: compileComputeKernel
  api=4 insize=14406 outsize=21745 ok=1
Cmd: compileComputeKernel
  api=4 insize=14406 outsize=30657 ok=1
Cmd: compileComputeKernel
  api=4 insize=14406 outsize=56265 ok=1
Cmd: compileComputeKernel
  api=4 insize=14406 outsize=67073 ok=1
Cmd: compileComputeKernel
  api=4 insize=26648 outsize=15569 ok=1
Cmd: compileComputeKernel
  api=4 insize=9347 outsize=7561 ok=1
Cmd: compileComputeKernel
  api=4 insize=7409 outsize=4577 ok=1
Cmd: compileComputeKernel
  api=4 insize=17415 outsize=10549 ok=1
Cmd: compileComputeKernel
  api=4 insize=4918 outsize=2429 ok=1
Cmd: compileComputeKernel
  api=4 insize=12239 outsize=1313 ok=1
Cmd: compileComputeKernel
  api=4 insize=7423 outsize=6497 ok=1
Cmd: compileComputeKernel
  api=4 insize=1946 outsize=2685 ok=1
Cmd: compileComputeKernel
  api=4 insize=20012 outsize=15261 ok=1
Cmd: compileComputeKernel
  api=4 insize=21751 outsize=21785 ok=1
Cmd: compileComputeKernel
  api=4 insize=34508 outsize=32261 ok=1
Cmd: compileComputeKernel
  api=4 insize=34508 outsize=32261 ok=1
Cmd: compileComputeKernel
  api=4 insize=5089 outsize=2989 ok=1
Cmd: compileComputeKernel
  api=4 insize=14985 outsize=3013 ok=1
Cmd: compileComputeKernel
  api=4 insize=2596 outsize=2169 ok=1
Cmd: compileComputeKernel
  api=4 insize=3228 outsize=3357 ok=1
Cmd: compileComputeKernel
  api=4 insize=3206 outsize=3693 ok=1
Cmd: compileComputeKernel
  api=4 insize=7712 outsize=4517 ok=1
Cmd: compileComputeKernel
  api=4 insize=3918 outsize=693 ok=1
Cmd: compileSnippet
  api=4 type=1 insize=7237 outsize=142 kw=_NORMALMAP_TANGENT_SPACE pd=UNITY_ENABLE_REFLECTION_BUFFERS UNITY_USE_DITHER_MASK_FOR_ALPHABLENDED_SHADOWS UNITY_PBS_USE_BRDF1 UNITY_SPECCUBE_BOX_PROJECTION UNITY_SPECCUBE_BLENDING UNITY_ENABLE_DETAIL_NORMALMAP SHADER_API_DESKTOP UNITY_LIGHT_PROBE_PROXY_VOLUME UNITY_LIGHTMAP_FULL_HDR ok=1
